2021-01-27 22:29:53,204 - Train.py[line:107] - INFO : ==> Preparing dataset <==
2021-01-27 22:29:53,268 - Train.py[line:112] - INFO : ==> Loading model <==
2021-01-27 22:29:57,898 - Train.py[line:125] - INFO : ==> Waiting Train <==
2021-01-27 22:30:13,572 - Train.py[line:69] - INFO : Save model to checkpoint 
2021-01-27 22:30:13,592 - Train.py[line:75] - INFO : Epoch:1,Train_Loss:2.30226,Valid_Loss:2.30195 
2021-01-27 22:30:29,612 - Train.py[line:69] - INFO : Save model to checkpoint 
2021-01-27 22:30:29,632 - Train.py[line:75] - INFO : Epoch:2,Train_Loss:2.30150,Valid_Loss:2.30114 
2021-01-27 22:30:43,621 - Train.py[line:69] - INFO : Save model to checkpoint 
2021-01-27 22:30:43,642 - Train.py[line:75] - INFO : Epoch:3,Train_Loss:2.30061,Valid_Loss:2.30013 
2021-01-27 22:30:59,277 - Train.py[line:69] - INFO : Save model to checkpoint 
2021-01-27 22:30:59,298 - Train.py[line:75] - INFO : Epoch:4,Train_Loss:2.29943,Valid_Loss:2.29870 
2021-01-27 22:31:14,564 - Train.py[line:69] - INFO : Save model to checkpoint 
2021-01-27 22:31:14,584 - Train.py[line:75] - INFO : Epoch:5,Train_Loss:2.29758,Valid_Loss:2.29621 
2021-01-27 22:31:28,938 - Train.py[line:69] - INFO : Save model to checkpoint 
2021-01-27 22:31:28,956 - Train.py[line:75] - INFO : Epoch:6,Train_Loss:2.29309,Valid_Loss:2.28690 
2021-01-27 22:31:44,471 - Train.py[line:69] - INFO : Save model to checkpoint 
2021-01-27 22:31:44,491 - Train.py[line:75] - INFO : Epoch:7,Train_Loss:2.26107,Valid_Loss:2.22568 
2021-01-27 22:32:00,022 - Train.py[line:69] - INFO : Save model to checkpoint 
2021-01-27 22:32:00,042 - Train.py[line:75] - INFO : Epoch:8,Train_Loss:2.18526,Valid_Loss:2.14489 
2021-01-27 22:32:14,946 - Train.py[line:69] - INFO : Save model to checkpoint 
2021-01-27 22:32:14,965 - Train.py[line:75] - INFO : Epoch:9,Train_Loss:2.12653,Valid_Loss:2.09715 
2021-01-27 22:32:31,002 - Train.py[line:69] - INFO : Save model to checkpoint 
2021-01-27 22:32:31,022 - Train.py[line:75] - INFO : Epoch:10,Train_Loss:2.06227,Valid_Loss:1.99641 
2021-01-27 22:32:46,889 - Train.py[line:69] - INFO : Save model to checkpoint 
2021-01-27 22:32:46,908 - Train.py[line:75] - INFO : Epoch:11,Train_Loss:1.94266,Valid_Loss:1.84824 
2021-01-27 22:33:01,790 - Train.py[line:69] - INFO : Save model to checkpoint 
2021-01-27 22:33:01,810 - Train.py[line:75] - INFO : Epoch:12,Train_Loss:1.78527,Valid_Loss:1.72134 
2021-01-27 22:33:17,424 - Train.py[line:69] - INFO : Save model to checkpoint 
2021-01-27 22:33:17,444 - Train.py[line:75] - INFO : Epoch:13,Train_Loss:1.69372,Valid_Loss:1.66258 
2021-01-27 22:33:31,968 - Train.py[line:69] - INFO : Save model to checkpoint 
2021-01-27 22:33:31,988 - Train.py[line:75] - INFO : Epoch:14,Train_Loss:1.65316,Valid_Loss:1.63952 
2021-01-27 22:33:47,130 - Train.py[line:69] - INFO : Save model to checkpoint 
2021-01-27 22:33:47,152 - Train.py[line:75] - INFO : Epoch:15,Train_Loss:1.63116,Valid_Loss:1.61682 
2021-01-27 22:34:00,235 - Train.py[line:69] - INFO : Save model to checkpoint 
2021-01-27 22:34:00,254 - Train.py[line:75] - INFO : Epoch:16,Train_Loss:1.61714,Valid_Loss:1.60627 
2021-01-27 22:34:14,502 - Train.py[line:69] - INFO : Save model to checkpoint 
2021-01-27 22:34:14,520 - Train.py[line:75] - INFO : Epoch:17,Train_Loss:1.60653,Valid_Loss:1.60015 
2021-01-27 22:34:28,448 - Train.py[line:69] - INFO : Save model to checkpoint 
2021-01-27 22:34:28,467 - Train.py[line:75] - INFO : Epoch:18,Train_Loss:1.59795,Valid_Loss:1.59529 
2021-01-27 22:34:42,234 - Train.py[line:69] - INFO : Save model to checkpoint 
2021-01-27 22:34:42,252 - Train.py[line:75] - INFO : Epoch:19,Train_Loss:1.59083,Valid_Loss:1.58364 
2021-01-27 22:34:56,316 - Train.py[line:69] - INFO : Save model to checkpoint 
2021-01-27 22:34:56,335 - Train.py[line:75] - INFO : Epoch:20,Train_Loss:1.58446,Valid_Loss:1.57822 
2021-01-27 22:34:56,335 - Train.py[line:129] - INFO : ==> Waiting Test <==
MyFC2(
  (l1): Linear(in_features=784, out_features=1024, bias=True)
  (l2): Linear(in_features=1024, out_features=512, bias=True)
  (l3): Linear(in_features=512, out_features=512, bias=True)
  (l4): Linear(in_features=512, out_features=256, bias=True)
  (l5): Linear(in_features=256, out_features=256, bias=True)
  (l6): Linear(in_features=256, out_features=128, bias=True)
  (l7): Linear(in_features=128, out_features=10, bias=True)
)
